\BOOKMARK [0][-]{titlepage.0}{\376\377\134\001\227\142}{}% 1
\BOOKMARK [0][-]{cabstract.0}{\376\377\144\130\211\201}{}% 2
\BOOKMARK [0][-]{eabstract.0}{\376\377\000A\000B\000S\000T\000R\000A\000C\000T}{}% 3
\BOOKMARK [0][-]{contents.0}{\376\377\166\356\137\125}{}% 4
\BOOKMARK [0][-]{chapter.1}{\376\377\136\217\212\000}{}% 5
\BOOKMARK [1][-]{section.1.1}{\376\377\170\024\172\166\200\314\146\157}{chapter.1}% 6
\BOOKMARK [1][-]{section.1.2}{\376\377\201\352\122\250\165\037\123\026\122\006\147\220\116\352\126\375\121\205\131\026\170\024\172\166\163\260\162\266}{chapter.1}% 7
\BOOKMARK [1][-]{section.1.3}{\376\377\213\272\145\207\170\024\172\166\141\017\116\111\123\312\121\205\133\271}{chapter.1}% 8
\BOOKMARK [0][-]{chapter.2}{\376\377\201\352\122\250\122\240\150\067\174\373\176\337\140\073\117\123\145\271\150\110\166\204\170\156\133\232}{}% 9
\BOOKMARK [1][-]{section.2.1}{\376\377\201\352\122\250\122\240\150\067\174\373\176\337\166\204\122\006\147\220}{chapter.2}% 10
\BOOKMARK [1][-]{section.2.2}{\376\377\122\240\150\067\147\072\147\204\166\204\220\011\133\232}{chapter.2}% 11
\BOOKMARK [0][-]{chapter.3}{\376\377\201\352\122\250\122\240\150\067\174\373\176\337\147\072\150\260\201\302\166\204\213\276\213\241}{}% 12
\BOOKMARK [1][-]{section.3.1}{\376\377\122\240\150\067\147\072\150\260\201\302\176\323\147\204\174\173\127\213\166\204\220\011\133\232}{chapter.3}% 13
\BOOKMARK [1][-]{section.3.2}{\376\377\232\161\122\250\145\271\137\017\166\204\220\011\133\232}{chapter.3}% 14
\BOOKMARK [1][-]{section.3.3}{\376\377\117\040\122\250\145\271\137\017\220\011\133\232}{chapter.3}% 15
\BOOKMARK [1][-]{section.3.4}{\376\377\122\240\150\067\147\072\150\260\201\302\147\072\150\260\176\323\147\204\166\204\213\276\213\241}{chapter.3}% 16
\BOOKMARK [0][-]{chapter.4}{\376\377\201\352\122\250\122\240\150\067\174\373\176\337\143\247\122\066\145\271\150\110\166\204\170\156\133\232}{}% 17
\BOOKMARK [1][-]{section.4.1}{\376\377\140\073\117\123\143\247\122\066\174\373\176\337\166\204\170\156\133\232}{chapter.4}% 18
\BOOKMARK [1][-]{section.4.2}{\376\377\153\145\217\333\165\065\147\072\174\173\127\213\166\204\220\011\142\351}{chapter.4}% 19
\BOOKMARK [1][-]{section.4.3}{\376\377\153\145\217\333\165\065\147\072\166\204\176\306\122\006\143\247\122\066}{chapter.4}% 20
\BOOKMARK [1][-]{section.4.4}{\376\377\153\145\217\333\165\065\147\072\166\204\232\161\122\250\143\247\122\066\122\006\147\220}{chapter.4}% 21
\BOOKMARK [1][-]{section.4.5}{\376\377\155\262\117\115\150\300\155\113\143\247\122\066\122\006\147\220}{chapter.4}% 22
\BOOKMARK [0][-]{chapter.5}{\376\377\201\352\122\250\122\240\150\067\174\373\176\337\170\154\116\366\213\276\213\241\145\271\150\110\166\204\170\156\133\232}{}% 23
\BOOKMARK [1][-]{section.5.1}{\376\377\143\247\122\066\126\150\166\204\220\011\127\213}{chapter.5}% 24
\BOOKMARK [1][-]{section.5.2}{\376\377\153\145\217\333\165\065\147\072\166\204\232\161\122\250\165\065\215\357}{chapter.5}% 25
\BOOKMARK [1][-]{section.5.3}{\376\377\155\262\117\115\150\300\155\113\152\041\127\127\165\065\215\357}{chapter.5}% 26
\BOOKMARK [0][-]{chapter.6}{\376\377\201\352\122\250\122\240\150\067\174\373\176\337\217\157\116\366\213\276\213\241\145\271\150\110\166\204\170\156\133\232}{}% 27
\BOOKMARK [1][-]{section.6.1}{\376\377\122\240\150\067\174\373\176\337\172\013\136\217\176\323\147\204\213\276\213\241}{chapter.6}% 28
\BOOKMARK [0][-]{chapter.7}{\376\377\213\272\145\207\176\323\213\272\116\016\134\125\147\033}{}% 29
\BOOKMARK [0][-]{appendix*.27}{\376\377\123\302\200\003\145\207\163\056}{}% 30
\BOOKMARK [0][-]{appendix.A}{\376\377\226\104\116\366}{}% 31
\BOOKMARK [0][-]{appendix*.28}{\376\377\201\364\214\042}{}% 32
\BOOKMARK [0][-]{appendix*.29}{\376\377\116\055\123\027\131\047\133\146\133\146\117\115\213\272\145\207\123\237\122\033\140\047\130\360\146\016\124\214\117\177\165\050\143\210\147\103\213\364\146\016}{}% 33
