This is XeTeX, Version 3.14159265-2.6-0.999991 (MiKTeX 2.9.6960 64-bit) (preloaded format=xelatex 2019.3.2)  12 MAR 2019 21:14
entering extended mode
**./chap4.tex
(chap4.tex
LaTeX2e <2018-12-01>
! Undefined control sequence.
l.1 \chapter
            {自动加样系统软件设计方案的确定}
The control sequence at the end of the top line
of your error message was never \def'ed. If you have
misspelled it (e.g., `\hobx'), type `I' and the correct
spelling (e.g., `I\hbox'). Otherwise just continue,
and I'll forget about whatever was undefined.


! LaTeX Error: Missing \begin{document}.

See the LaTeX manual or LaTeX Companion for explanation.
Type  H <return>  for immediate help.
 ...                                              
                                                  
l.1 \chapter{自
              动加样系统软件设计方案的确定}
You're in trouble here.  Try typing  <return>  to proceed.
If that doesn't work, type  X <return>  to quit.

Missing character: There is no 自 in font nullfont!
Missing character: There is no 动 in font nullfont!
Missing character: There is no 加 in font nullfont!
Missing character: There is no 样 in font nullfont!
Missing character: There is no 系 in font nullfont!
Missing character: There is no 统 in font nullfont!
Missing character: There is no 软 in font nullfont!
Missing character: There is no 件 in font nullfont!
Missing character: There is no 设 in font nullfont!
Missing character: There is no 计 in font nullfont!
Missing character: There is no 方 in font nullfont!
Missing character: There is no 案 in font nullfont!
Missing character: There is no 的 in font nullfont!
Missing character: There is no 确 in font nullfont!
Missing character: There is no 定 in font nullfont!

Overfull \hbox (20.0pt too wide) in paragraph at lines 1--2
[] 
 []

! Undefined control sequence.
l.3 \section
            {加样系统程序结构设计}
The control sequence at the end of the top line
of your error message was never \def'ed. If you have
misspelled it (e.g., `\hobx'), type `I' and the correct
spelling (e.g., `I\hbox'). Otherwise just continue,
and I'll forget about whatever was undefined.


! LaTeX Error: Missing \begin{document}.

See the LaTeX manual or LaTeX Companion for explanation.
Type  H <return>  for immediate help.
 ...                                              
                                                  
l.3 \section{加
              样系统程序结构设计}
You're in trouble here.  Try typing  <return>  to proceed.
If that doesn't work, type  X <return>  to quit.

Missing character: There is no 加 in font nullfont!
Missing character: There is no 样 in font nullfont!
Missing character: There is no 系 in font nullfont!
Missing character: There is no 统 in font nullfont!
Missing character: There is no 程 in font nullfont!
Missing character: There is no 序 in font nullfont!
Missing character: There is no 结 in font nullfont!
Missing character: There is no 构 in font nullfont!
Missing character: There is no 设 in font nullfont!
Missing character: There is no 计 in font nullfont!
Missing character: There is no 根 in font nullfont!
Missing character: There is no 据 in font nullfont!
Missing character: There is no 本 in font nullfont!
Missing character: There is no 文 in font nullfont!
Missing character: There is no 设 in font nullfont!
Missing character: There is no 计 in font nullfont!
Missing character: There is no 的 in font nullfont!
Missing character: There is no 自 in font nullfont!
Missing character: There is no 动 in font nullfont!
Missing character: There is no 加 in font nullfont!
Missing character: There is no 样 in font nullfont!
Missing character: There is no 系 in font nullfont!
Missing character: There is no 统 in font nullfont!
Missing character: There is no 功 in font nullfont!
Missing character: There is no 能 in font nullfont!
Missing character: There is no 动 in font nullfont!
Missing character: There is no 作 in font nullfont!
Missing character: There is no 分 in font nullfont!
Missing character: There is no 析 in font nullfont!
Missing character: There is no 可 in font nullfont!
Missing character: There is no 知 in font nullfont!
Missing character: There is no ， in font nullfont!
Missing character: There is no 程 in font nullfont!
Missing character: There is no 序 in font nullfont!
Missing character: There is no 上 in font nullfont!
Missing character: There is no 电 in font nullfont!
Missing character: There is no 后 in font nullfont!
Missing character: There is no ， in font nullfont!
Missing character: There is no 执 in font nullfont!
Missing character: There is no 行 in font nullfont!
Missing character: There is no 加 in font nullfont!
Missing character: There is no 样 in font nullfont!
Missing character: There is no 命 in font nullfont!
Missing character: There is no 令 in font nullfont!
Missing character: There is no ， in font nullfont!
Missing character: There is no 机 in font nullfont!
Missing character: There is no 械 in font nullfont!
Missing character: There is no 臂 in font nullfont!
Missing character: There is no 动 in font nullfont!
Missing character: There is no 作 in font nullfont!
Missing character: There is no ， in font nullfont!
Missing character: There is no 这 in font nullfont!
Missing character: There is no 里 in font nullfont!
Missing character: There is no ， in font nullfont!
Missing character: There is no X in font nullfont!
Missing character: There is no （ in font nullfont!
Missing character: There is no 水 in font nullfont!
Missing character: There is no 平 in font nullfont!
Missing character: There is no ） in font nullfont!
Missing character: There is no 方 in font nullfont!
Missing character: There is no 向 in font nullfont!
Missing character: There is no 的 in font nullfont!
Missing character: There is no 运 in font nullfont!
Missing character: There is no 动 in font nullfont!
Missing character: There is no 由 in font nullfont!
Missing character: There is no 步 in font nullfont!
Missing character: There is no 进 in font nullfont!
Missing character: There is no 电 in font nullfont!
Missing character: There is no 机 in font nullfont!
Missing character: There is no 驱 in font nullfont!
Missing character: There is no 动 in font nullfont!
Missing character: There is no 滚 in font nullfont!
Missing character: There is no 珠 in font nullfont!
Missing character: There is no 丝 in font nullfont!
Missing character: There is no 杠 in font nullfont!
Missing character: There is no ， in font nullfont!
Missing character: There is no 丝 in font nullfont!
Missing character: There is no 杠 in font nullfont!
Missing character: There is no 驱 in font nullfont!
Missing character: There is no 动 in font nullfont!
Missing character: There is no 同 in font nullfont!
Missing character: There is no 步 in font nullfont!
Missing character: There is no 带 in font nullfont!
Missing character: There is no 完 in font nullfont!
Missing character: There is no 成 in font nullfont!
Missing character: There is no ； in font nullfont!
Missing character: There is no Y in font nullfont!
Missing character: There is no （ in font nullfont!
Missing character: There is no 垂 in font nullfont!
Missing character: There is no 直 in font nullfont!
Missing character: There is no ） in font nullfont!
Missing character: There is no 方 in font nullfont!
Missing character: There is no 向 in font nullfont!
Missing character: There is no 的 in font nullfont!
Missing character: There is no 运 in font nullfont!
Missing character: There is no 动 in font nullfont!
Missing character: There is no 同 in font nullfont!
Missing character: There is no 理 in font nullfont!
Missing character: There is no 。 in font nullfont!
Missing character: There is no 注 in font nullfont!
Missing character: There is no 射 in font nullfont!
Missing character: There is no 泵 in font nullfont!
Missing character: There is no 取 in font nullfont!
Missing character: There is no 样 in font nullfont!
Missing character: There is no 和 in font nullfont!
Missing character: There is no 释 in font nullfont!
Missing character: There is no 样 in font nullfont!
Missing character: There is no 原 in font nullfont!
Missing character: There is no 理 in font nullfont!
Missing character: There is no ： in font nullfont!
Missing character: There is no 步 in font nullfont!
Missing character: There is no 进 in font nullfont!
Missing character: There is no 电 in font nullfont!
Missing character: There is no 机 in font nullfont!
Missing character: There is no 驱 in font nullfont!
Missing character: There is no 动 in font nullfont!
Missing character: There is no 丝 in font nullfont!
Missing character: There is no 杆 in font nullfont!
Missing character: There is no 运 in font nullfont!
Missing character: There is no 动 in font nullfont!
Missing character: There is no ， in font nullfont!
Missing character: There is no 丝 in font nullfont!
Missing character: There is no 杆 in font nullfont!
Missing character: There is no 进 in font nullfont!
Missing character: There is no 而 in font nullfont!
Missing character: There is no 带 in font nullfont!
Missing character: There is no 动 in font nullfont!
Missing character: There is no 螺 in font nullfont!
Missing character: There is no 母 in font nullfont!
Missing character: There is no 推 in font nullfont!
Missing character: There is no 动 in font nullfont!
Missing character: There is no 活 in font nullfont!
Missing character: There is no 塞 in font nullfont!
Missing character: There is no 移 in font nullfont!
Missing character: There is no 动 in font nullfont!
Missing character: There is no 进 in font nullfont!
Missing character: There is no 行 in font nullfont!
Missing character: There is no 取 in font nullfont!
Missing character: There is no 样 in font nullfont!
Missing character: There is no 和 in font nullfont!
Missing character: There is no 释 in font nullfont!
Missing character: There is no 样 in font nullfont!
Missing character: There is no 。 in font nullfont!
Missing character: There is no 加 in font nullfont!
Missing character: There is no 样 in font nullfont!
Missing character: There is no 针 in font nullfont!
Missing character: There is no 移 in font nullfont!
Missing character: There is no 动 in font nullfont!
Missing character: There is no 至 in font nullfont!
Missing character: There is no 待 in font nullfont!
Missing character: There is no 检 in font nullfont!
Missing character: There is no 试 in font nullfont!
Missing character: There is no 剂 in font nullfont!
Missing character: There is no 液 in font nullfont!
Missing character: There is no 瓶 in font nullfont!
Missing character: There is no 液 in font nullfont!
Missing character: There is no 面 in font nullfont!
Missing character: There is no 上 in font nullfont!
Missing character: There is no 方 in font nullfont!
Missing character: There is no ， in font nullfont!
Missing character: There is no 液 in font nullfont!
Missing character: There is no 面 in font nullfont!
Missing character: There is no 检 in font nullfont!
Missing character: There is no 测 in font nullfont!
Missing character: There is no 方 in font nullfont!
Missing character: There is no 式 in font nullfont!
Missing character: There is no 采 in font nullfont!
Missing character: There is no 用 in font nullfont!
Missing character: There is no 电 in font nullfont!
Missing character: There is no 容 in font nullfont!
Missing character: There is no 式 in font nullfont!
Missing character: There is no 液 in font nullfont!
Missing character: There is no 面 in font nullfont!
Missing character: There is no 检 in font nullfont!
Missing character: There is no 测 in font nullfont!
Missing character: There is no 装 in font nullfont!
Missing character: There is no 置 in font nullfont!
Missing character: There is no ， in font nullfont!
Missing character: There is no 检 in font nullfont!
Missing character: There is no 测 in font nullfont!
Missing character: There is no 到 in font nullfont!
Missing character: There is no 液 in font nullfont!
Missing character: There is no 面 in font nullfont!
Missing character: There is no 位 in font nullfont!
Missing character: There is no 置 in font nullfont!
Missing character: There is no 时 in font nullfont!
Missing character: There is no 取 in font nullfont!
Missing character: There is no 样 in font nullfont!
Missing character: There is no 针 in font nullfont!
Missing character: There is no 下 in font nullfont!
Missing character: There is no 降 in font nullfont!
Missing character: There is no 至 in font nullfont!
Missing character: There is no 液 in font nullfont!
Missing character: There is no 面 in font nullfont!
Missing character: There is no 一 in font nullfont!
Missing character: There is no 下 in font nullfont!
Missing character: There is no 3 in font nullfont!
LaTeX Font Info:    External font `cmex10' loaded for size
(Font)              <7> on input line 4.
LaTeX Font Info:    External font `cmex10' loaded for size
(Font)              <5> on input line 4.
Missing character: There is no 进 in font nullfont!
Missing character: There is no 行 in font nullfont!
Missing character: There is no 取 in font nullfont!
Missing character: There is no 样 in font nullfont!
Missing character: There is no 。 in font nullfont!
Missing character: There is no （ in font nullfont!
Missing character: There is no 2 in font nullfont!
Missing character: There is no ） in font nullfont!
Missing character: There is no 取 in font nullfont!
Missing character: There is no 样 in font nullfont!
Missing character: There is no 动 in font nullfont!
Missing character: There is no 作 in font nullfont!
Missing character: There is no 完 in font nullfont!
Missing character: There is no 成 in font nullfont!
Missing character: There is no 后 in font nullfont!
Missing character: There is no ， in font nullfont!
Missing character: There is no 取 in font nullfont!
Missing character: There is no 样 in font nullfont!
Missing character: There is no 针 in font nullfont!
Missing character: There is no 移 in font nullfont!
Missing character: There is no 动 in font nullfont!
Missing character: There is no 至 in font nullfont!
Missing character: There is no 试 in font nullfont!
Missing character: There is no 剂 in font nullfont!
Missing character: There is no 反 in font nullfont!
Missing character: There is no 应 in font nullfont!
Missing character: There is no 瓶 in font nullfont!
Missing character: There is no 液 in font nullfont!
Missing character: There is no 面 in font nullfont!
Missing character: There is no 上 in font nullfont!
Missing character: There is no 方 in font nullfont!
Missing character: There is no ， in font nullfont!
Missing character: There is no 同 in font nullfont!
Missing character: There is no 样 in font nullfont!
Missing character: There is no 进 in font nullfont!
Missing character: There is no 行 in font nullfont!
Missing character: There is no 液 in font nullfont!
Missing character: There is no 面 in font nullfont!
Missing character: There is no 检 in font nullfont!
Missing character: There is no 测 in font nullfont!
Missing character: There is no ， in font nullfont!
Missing character: There is no 检 in font nullfont!
Missing character: There is no 测 in font nullfont!
Missing character: There is no 到 in font nullfont!
Missing character: There is no 液 in font nullfont!
Missing character: There is no 面 in font nullfont!
Missing character: There is no 后 in font nullfont!
Missing character: There is no 下 in font nullfont!
Missing character: There is no 降 in font nullfont!
Missing character: There is no 至 in font nullfont!
Missing character: There is no 液 in font nullfont!
Missing character: There is no 面 in font nullfont!
Missing character: There is no 以 in font nullfont!
Missing character: There is no 下 in font nullfont!
Missing character: There is no 3 in font nullfont!
Missing character: There is no 进 in font nullfont!
Missing character: There is no 行 in font nullfont!
Missing character: There is no 释 in font nullfont!
Missing character: There is no 放 in font nullfont!
Missing character: There is no 样 in font nullfont!
Missing character: There is no 液 in font nullfont!
Missing character: There is no 。 in font nullfont!
Missing character: There is no （ in font nullfont!
Missing character: There is no 3 in font nullfont!
Missing character: There is no ） in font nullfont!
Missing character: There is no 释 in font nullfont!
Missing character: There is no 样 in font nullfont!
Missing character: There is no 动 in font nullfont!
Missing character: There is no 作 in font nullfont!
Missing character: There is no 完 in font nullfont!
Missing character: There is no 成 in font nullfont!
Missing character: There is no 后 in font nullfont!
Missing character: There is no ， in font nullfont!
Missing character: There is no 加 in font nullfont!
Missing character: There is no 样 in font nullfont!
Missing character: There is no 针 in font nullfont!
Missing character: There is no 移 in font nullfont!
Missing character: There is no 动 in font nullfont!
Missing character: There is no 至 in font nullfont!
Missing character: There is no 清 in font nullfont!
Missing character: There is no 洗 in font nullfont!
Missing character: There is no 池 in font nullfont!
Missing character: There is no 进 in font nullfont!
Missing character: There is no 行 in font nullfont!
Missing character: There is no 清 in font nullfont!
Missing character: There is no 洗 in font nullfont!
Missing character: There is no 。 in font nullfont!
Missing character: There is no （ in font nullfont!
Missing character: There is no 4 in font nullfont!
Missing character: There is no ） in font nullfont!
Missing character: There is no 清 in font nullfont!
Missing character: There is no 洗 in font nullfont!
Missing character: There is no 动 in font nullfont!
Missing character: There is no 作 in font nullfont!
Missing character: There is no 完 in font nullfont!
Missing character: There is no 成 in font nullfont!
Missing character: There is no 后 in font nullfont!
Missing character: There is no ， in font nullfont!
Missing character: There is no 加 in font nullfont!
Missing character: There is no 样 in font nullfont!
Missing character: There is no 针 in font nullfont!
Missing character: There is no 在 in font nullfont!
Missing character: There is no 加 in font nullfont!
Missing character: There is no 样 in font nullfont!
Missing character: There is no 机 in font nullfont!
Missing character: There is no 械 in font nullfont!
Missing character: There is no 臂 in font nullfont!
Missing character: There is no 带 in font nullfont!
Missing character: There is no 动 in font nullfont!
Missing character: There is no 下 in font nullfont!
Missing character: There is no 复 in font nullfont!
Missing character: There is no 位 in font nullfont!
Missing character: There is no ， in font nullfont!
Missing character: There is no 复 in font nullfont!
Missing character: There is no 位 in font nullfont!
Missing character: There is no 动 in font nullfont!
Missing character: There is no 作 in font nullfont!
Missing character: There is no 完 in font nullfont!
Missing character: There is no 成 in font nullfont!
Missing character: There is no 后 in font nullfont!
Missing character: There is no 即 in font nullfont!
Missing character: There is no 进 in font nullfont!
Missing character: There is no 行 in font nullfont!
Missing character: There is no 完 in font nullfont!
Missing character: There is no 一 in font nullfont!
Missing character: There is no 个 in font nullfont!
Missing character: There is no 加 in font nullfont!
Missing character: There is no 样 in font nullfont!
Missing character: There is no 周 in font nullfont!
Missing character: There is no 期 in font nullfont!
Missing character: There is no ， in font nullfont!
Missing character: There is no 等 in font nullfont!
Missing character: There is no 待 in font nullfont!
Missing character: There is no 下 in font nullfont!
Missing character: There is no 一 in font nullfont!
Missing character: There is no 个 in font nullfont!
Missing character: There is no 加 in font nullfont!
Missing character: There is no 样 in font nullfont!
Missing character: There is no 命 in font nullfont!
Missing character: There is no 令 in font nullfont!
Missing character: There is no 。 in font nullfont!
Missing character: There is no 系 in font nullfont!
Missing character: There is no 统 in font nullfont!
Missing character: There is no 程 in font nullfont!
Missing character: There is no 序 in font nullfont!
Missing character: There is no 结 in font nullfont!
Missing character: There is no 构 in font nullfont!
Missing character: There is no 流 in font nullfont!
Missing character: There is no 程 in font nullfont!
Missing character: There is no 图 in font nullfont!
Missing character: There is no 如 in font nullfont!
! Undefined control sequence.
<write> ...: Reference `fig:6-1' on page \thepage 
                                                  \space undefined\on@line .^^J
l.4 ...进行完一个加样周期，等待下一个加样命令。系统程序结构流程图如\ref{fig:6-1}
                                                  
The control sequence at the end of the top line
of your error message was never \def'ed. If you have
misspelled it (e.g., `\hobx'), type `I' and the correct
spelling (e.g., `I\hbox'). Otherwise just continue,
and I'll forget about whatever was undefined.


LaTeX Warning: Reference `fig:6-1' on page  undefined on input line 4.


Overfull \hbox (20.0pt too wide) in paragraph at lines 3--5
[]
 []


Overfull \hbox (45.98055pt too wide) in paragraph at lines 3--5
\OML/cmm/m/it/10 mm$$mm$[] 
 []


! LaTeX Error: Environment figure undefined.

See the LaTeX manual or LaTeX Companion for explanation.
Type  H <return>  for immediate help.
 ...                                              
                                                  
l.6 \begin{figure}
                  [htbp!]
Your command was ignored.
Type  I <command> <return>  to replace it with another command,
or  <return>  to continue without it.


! LaTeX Error: Missing \begin{document}.

See the LaTeX manual or LaTeX Companion for explanation.
Type  H <return>  for immediate help.
 ...                                              
                                                  
l.6 \begin{figure}[
                   htbp!]
You're in trouble here.  Try typing  <return>  to proceed.
If that doesn't work, type  X <return>  to quit.

Missing character: There is no [ in font nullfont!
Missing character: There is no h in font nullfont!
Missing character: There is no t in font nullfont!
Missing character: There is no b in font nullfont!
Missing character: There is no p in font nullfont!
Missing character: There is no ! in font nullfont!
Missing character: There is no ] in font nullfont!
! Undefined control sequence.
l.8 ^^I\includegraphics
                       [height=11.5cm]{chap/figure/6-1.jpg}
The control sequence at the end of the top line
of your error message was never \def'ed. If you have
misspelled it (e.g., `\hobx'), type `I' and the correct
spelling (e.g., `I\hbox'). Otherwise just continue,
and I'll forget about whatever was undefined.

Missing character: There is no [ in font nullfont!
Missing character: There is no h in font nullfont!
Missing character: There is no e in font nullfont!
Missing character: There is no i in font nullfont!
Missing character: There is no g in font nullfont!
Missing character: There is no h in font nullfont!
Missing character: There is no t in font nullfont!
Missing character: There is no = in font nullfont!
Missing character: There is no 1 in font nullfont!
Missing character: There is no 1 in font nullfont!
Missing character: There is no . in font nullfont!
Missing character: There is no 5 in font nullfont!
Missing character: There is no c in font nullfont!
Missing character: There is no m in font nullfont!
Missing character: There is no ] in font nullfont!
Missing character: There is no c in font nullfont!
Missing character: There is no h in font nullfont!
Missing character: There is no a in font nullfont!
Missing character: There is no p in font nullfont!
Missing character: There is no / in font nullfont!
Missing character: There is no f in font nullfont!
Missing character: There is no i in font nullfont!
Missing character: There is no g in font nullfont!
Missing character: There is no u in font nullfont!
Missing character: There is no r in font nullfont!
Missing character: There is no e in font nullfont!
Missing character: There is no / in font nullfont!
Missing character: There is no 6 in font nullfont!
Missing character: There is no - in font nullfont!
Missing character: There is no 1 in font nullfont!
Missing character: There is no . in font nullfont!
Missing character: There is no j in font nullfont!
Missing character: There is no p in font nullfont!
Missing character: There is no g in font nullfont!

! LaTeX Error: \caption outside float.

See the LaTeX manual or LaTeX Companion for explanation.
Type  H <return>  for immediate help.
 ...                                              
                                                  
l.9 ^^I\caption
               {主程序结构流程图}
You're in trouble here.  Try typing  <return>  to proceed.
If that doesn't work, type  X <return>  to quit.

Missing character: There is no 主 in font nullfont!
Missing character: There is no 程 in font nullfont!
Missing character: There is no 序 in font nullfont!
Missing character: There is no 结 in font nullfont!
Missing character: There is no 构 in font nullfont!
Missing character: There is no 流 in font nullfont!
Missing character: There is no 程 in font nullfont!
Missing character: There is no 图 in font nullfont!

! LaTeX Error: \begin{document} ended by \end{figure}.

See the LaTeX manual or LaTeX Companion for explanation.
Type  H <return>  for immediate help.
 ...                                              
                                                  
l.11 \end{figure}
                 
Your command was ignored.
Type  I <command> <return>  to replace it with another command,
or  <return>  to continue without it.

)
! Emergency stop.
<*> ./chap4.tex
               
*** (job aborted, no legal \end found)

 
Here is how much of TeX's memory you used:
 16 strings out of 427748
 258 string characters out of 3152871
 63491 words of memory out of 3000000
 4147 multiletter control sequences out of 15000+200000
 3656 words of font info for 16 fonts, out of 3000000 for 9000
 1328 hyphenation exceptions out of 8191
 18i,2n,16p,389b,94s stack positions out of 5000i,500n,10000p,200000b,50000s
No pages of output.
